======================================================================
CATEGORY-LEVEL ANALYSIS — CORTEXFLOW × TRIBE v2 × STL-10
======================================================================

Loading saved model and PCA projection...
  Model loaded: 23.0M params

Loading TRIBE v2 brain mapping head...

Re-deriving training ridge regression from saved V-JEPA2 features...
  Loading 8000 training images (same indices as train_natural.py)...
  Encoding training images through VAE...
  Latent shape: [8, 16, 16]
  Fitting ridge regression...
  Ridge regression train cos: 0.535

======================================================================
EXTRACTING BRAIN FEATURES FOR 8000 LABELED TEST IMAGES
======================================================================
  Labeled test: 8000 images, 10 categories

  Loading V-JEPA2 (ViT-Giant)...
Warning: You are sending unauthenticated requests to the HF Hub. Please set a HF_TOKEN to enable higher rate limits and faster downloads.
Loading weights:   0%|          | 0/843 [00:00<?, ?it/s]Loading weights:  26%|██▋       | 222/843 [00:00<00:00, 2208.04it/s]Loading weights:  53%|█████▎    | 443/843 [00:00<00:00, 2190.37it/s]Loading weights:  85%|████████▌ | 719/843 [00:00<00:00, 2437.63it/s]Loading weights: 100%|██████████| 843/843 [00:00<00:00, 2633.23it/s]
  Extracting V-JEPA2 features for 8000 images...
    320/8000 (2.7s)
    640/8000 (5.2s)
    960/8000 (7.5s)
    1280/8000 (9.9s)
    1600/8000 (12.3s)
    1920/8000 (14.7s)
    2240/8000 (17.3s)
    2560/8000 (19.7s)
    2880/8000 (22.0s)
    3200/8000 (24.3s)
    3520/8000 (26.7s)
    3840/8000 (29.1s)
    4160/8000 (31.5s)
    4480/8000 (33.9s)
    4800/8000 (36.2s)
    5120/8000 (38.5s)
    5440/8000 (40.9s)
    5760/8000 (43.2s)
    6080/8000 (45.6s)
    6400/8000 (47.9s)
    6720/8000 (50.3s)
    7040/8000 (52.8s)
    7360/8000 (55.0s)
    7680/8000 (57.3s)
    8000/8000 (59.6s)
  V-JEPA2 features: torch.Size([8000, 2816]) (68.9s)
  Projecting through TRIBE v2 → PCA...
  Test brain patterns: torch.Size([8000, 384])
  Cached to train_outputs/category_test_brain.pt

======================================================================
BRAIN REPRESENTATION ANALYSIS
======================================================================

  Computing t-SNE (8000 brain patterns)...
  t-SNE done (106.2s)
  Computing silhouette score...
  Silhouette score: -0.021
  kNN classification (5-NN)...
  Brain-space kNN accuracy: 0.710 (chance=0.100)
  Per-category accuracy:
      airplane: 0.610
          bird: 0.639
           car: 0.964
           cat: 0.542
          deer: 0.735
           dog: 0.570
         horse: 0.951
        monkey: 0.541
          ship: 0.678
         truck: 0.848

  Computing category similarity matrix...
  Top-5 most similar category pairs:
           cat ↔ dog       : 0.108
          ship ↔ truck     : 0.040
           cat ↔ deer      : 0.038
           cat ↔ monkey    : 0.033
           car ↔ truck     : 0.031
  Top-5 most dissimilar:
           car ↔ dog       : -0.094
           car ↔ cat       : -0.097
           car ↔ monkey    : -0.100
           dog ↔ ship      : -0.102
        monkey ↔ ship      : -0.108

======================================================================
PER-CATEGORY RECONSTRUCTION (50 per category, 500 total)
======================================================================
    airplane: cos=0.948±0.041  SSIM=0.569±0.232  gap=+0.111  (85s)
        bird: cos=0.890±0.056  SSIM=0.361±0.231  gap=+0.072  (175s)
         car: cos=0.861±0.055  SSIM=0.533±0.223  gap=+0.060  (267s)
         cat: cos=0.891±0.098  SSIM=0.406±0.265  gap=+0.074  (349s)
        deer: cos=0.915±0.055  SSIM=0.451±0.239  gap=+0.111  (431s)
         dog: cos=0.891±0.075  SSIM=0.447±0.196  gap=+0.077  (516s)
       horse: cos=0.874±0.085  SSIM=0.463±0.259  gap=+0.140  (594s)
      monkey: cos=0.869±0.081  SSIM=0.348±0.260  gap=+0.109  (682s)
        ship: cos=0.942±0.036  SSIM=0.694±0.186  gap=+0.074  (772s)
       truck: cos=0.875±0.078  SSIM=0.588±0.244  gap=+0.083  (861s)

  Overall: cos=0.895  SSIM=0.486  gap=+0.091  (861s)

======================================================================
PCA DIMENSION SCALING
======================================================================
  Re-encoding training images for scaling study...
  k= 32 dims: cos=0.835  SSIM=0.192  (26s)
  k= 64 dims: cos=0.844  SSIM=0.260  (53s)
  k=128 dims: cos=0.857  SSIM=0.357  (79s)
  k=192 dims: cos=0.863  SSIM=0.388  (103s)
  k=256 dims: cos=0.864  SSIM=0.399  (121s)
  k=384 dims: cos=0.865  SSIM=0.424  (145s)

======================================================================
GENERATING FIGURES
======================================================================
  Saved: train_outputs/category_analysis.png

======================================================================
SUMMARY — CATEGORY-LEVEL BRAIN DECODING ANALYSIS
======================================================================

    Category       Cos      SSIM  Lin SSIM       Gap
  ──────────  ────────  ────────  ────────  ────────
        ship     0.942     0.694     0.619    +0.074
       truck     0.875     0.588     0.505    +0.083
    airplane     0.948     0.569     0.458    +0.111
         car     0.861     0.533     0.473    +0.060
       horse     0.874     0.463     0.323    +0.140
        deer     0.915     0.451     0.340    +0.111
         dog     0.890     0.447     0.369    +0.077
         cat     0.891     0.406     0.332    +0.074
        bird     0.890     0.361     0.289    +0.072
      monkey     0.869     0.348     0.240    +0.109
  ──────────  ────────  ────────  ────────  ────────
     OVERALL     0.895     0.486     0.395    +0.091

  Brain Representation Structure:
    kNN accuracy (5-NN): 0.710 (chance=0.100)
    Silhouette score: -0.021

  PCA Scaling:
    k= 32: cos=0.835  SSIM=0.192
    k= 64: cos=0.844  SSIM=0.260
    k=128: cos=0.857  SSIM=0.357
    k=192: cos=0.863  SSIM=0.388
    k=256: cos=0.864  SSIM=0.399
    k=384: cos=0.865  SSIM=0.423

  Saved: train_outputs/category_results.json

======================================================================
DONE
======================================================================
